<?xml version="1.0" encoding="UTF-8"?>
<!-- Generated by org.testng.reporters.JUnitReportReporter -->
<testsuite hostname="RINMAC2974" failures="0" tests="2" name="RSDA.RSDAAPP.Test.IniestaTvPremiumUser" time="6.610" errors="0" timestamp="2022-11-09T16:06:26 IST" skipped="0">
  <testcase classname="RSDA.RSDAAPP.Test.IniestaTvPremiumUser" name="playPremiumcontent" time="6.493"/>
  <system-out/>
  <testcase classname="RSDA.RSDAAPP.Test.IniestaTvPremiumUser" name="checkPremiumTag" time="0.117"/>
  <system-out/>
</testsuite> <!-- RSDA.RSDAAPP.Test.IniestaTvPremiumUser -->
