<?xml version="1.0" encoding="UTF-8"?>
<!-- Generated by org.testng.reporters.JUnitReportReporter -->
<testsuite hostname="RINMAC2974" failures="0" tests="1" name="RSDA.RSDAAPP.mobilelogin" time="38.437" errors="0" timestamp="10 Oct 2022 05:24:49 GMT" skipped="0">
  <testcase classname="RSDA.RSDAAPP.mobilelogin" name="login" time="38.437"/>
</testsuite> <!-- RSDA.RSDAAPP.mobilelogin -->
