<?xml version="1.0" encoding="UTF-8"?>
<!-- Generated by org.testng.reporters.JUnitReportReporter -->
<testsuite hostname="RINMAC2974" failures="0" tests="1" name="RSDA.RSDAAPP.Register" time="36.934" errors="0" timestamp="10 Oct 2022 09:02:43 GMT" skipped="0">
  <testcase classname="RSDA.RSDAAPP.Register" name="register" time="36.934"/>
</testsuite> <!-- RSDA.RSDAAPP.Register -->
