<?xml version="1.0" encoding="UTF-8"?>
<!-- Generated by org.testng.reporters.JUnitReportReporter -->
<testsuite hostname="RINMAC2974" failures="0" tests="2" name="RSDA.RSDAAPP.Test.RSDAIcon" time="49.818" errors="0" timestamp="2022-11-03T12:40:38 IST" skipped="0">
  <testcase classname="RSDA.RSDAAPP.Test.RSDAIcon" name="a" time="37.791"/>
  <system-out/>
  <testcase classname="RSDA.RSDAAPP.Test.RSDAIcon" name="checkBookmarkicon" time="12.027"/>
  <system-out/>
</testsuite> <!-- RSDA.RSDAAPP.Test.RSDAIcon -->
