<?xml version="1.0" encoding="UTF-8"?>
<!-- Generated by org.testng.reporters.JUnitReportReporter -->
<testsuite hostname="RINMAC2974" failures="0" tests="1" name="RSDA.RSDAAPP.Test.Register" time="0.036" errors="0" timestamp="2022-11-02T16:14:10 IST" skipped="0">
  <testcase classname="RSDA.RSDAAPP.Test.Register" name="dataintilizer" time="0.036"/>
  <system-out/>
</testsuite> <!-- RSDA.RSDAAPP.Test.Register -->
