<?xml version="1.0" encoding="UTF-8"?>
<!-- Generated by org.testng.reporters.JUnitReportReporter -->
<testsuite hostname="RINMAC2974" failures="0" tests="2" name="RSDA.RSDAAPP.Login" time="78.725" errors="0" timestamp="10 Oct 2022 08:21:17 GMT" skipped="0">
  <testcase classname="RSDA.RSDAAPP.Login" name="premiumUserLogin" time="39.025"/>
  <testcase classname="RSDA.RSDAAPP.Login" name="freeUserLogin" time="39.700"/>
</testsuite> <!-- RSDA.RSDAAPP.Login -->
