<?xml version="1.0" encoding="UTF-8"?>
<!-- Generated by org.testng.reporters.JUnitReportReporter -->
<testsuite hostname="RINMAC2974" failures="0" tests="1" name="RSDA.RSDAAPP.AppTest" time="0.043" errors="0" timestamp="09 Oct 2022 08:00:09 GMT" skipped="0">
  <testcase classname="RSDA.RSDAAPP.AppTest" name="shouldAnswerWithTrue" time="0.043"/>
</testsuite> <!-- RSDA.RSDAAPP.AppTest -->
