<?xml version="1.0" encoding="UTF-8"?>
<!-- Generated by org.testng.reporters.JUnitReportReporter -->
<testsuite hostname="RINMAC2974" failures="0" tests="1" name="RSDA.RSDAAPP.learningHubChannel" time="55.968" errors="0" timestamp="10 Oct 2022 10:19:07 GMT" skipped="0">
  <testcase classname="RSDA.RSDAAPP.learningHubChannel" name="checkChannelRedirection" time="55.968"/>
</testsuite> <!-- RSDA.RSDAAPP.learningHubChannel -->
