<?xml version="1.0" encoding="UTF-8"?>
<!-- Generated by org.testng.reporters.JUnitReportReporter -->
<testsuite hostname="RINMAC2974" failures="0" tests="3" name="RSDA.RSDAAPP.Test.myprogress" time="7.908" errors="0" timestamp="2022-11-09T19:18:15 IST" skipped="0">
  <testcase classname="RSDA.RSDAAPP.Test.myprogress" name="checkMyBookmarks" time="0.288"/>
  <system-out/>
  <testcase classname="RSDA.RSDAAPP.Test.myprogress" name="checkOverview" time="1.173"/>
  <system-out/>
  <testcase classname="RSDA.RSDAAPP.Test.myprogress" name="checkCompleted" time="6.447"/>
  <system-out/>
</testsuite> <!-- RSDA.RSDAAPP.Test.myprogress -->
