<?xml version="1.0" encoding="UTF-8"?>
<!-- Generated by org.testng.reporters.JUnitReportReporter -->
<testsuite hostname="RINMAC2974" failures="0" tests="1" name="RSDA.RSDAAPP.Test.Downloads" time="21.532" errors="0" timestamp="2022-10-26T17:58:04 IST" skipped="0">
  <testcase classname="RSDA.RSDAAPP.Test.Downloads" name="checkMessage" time="21.532"/>
  <system-out/>
</testsuite> <!-- RSDA.RSDAAPP.Test.Downloads -->
